2016/12/12 18:59:45 INFO  - jmeter.util.JMeterUtils: Setting Locale to zh_CN 
2016/12/12 18:59:45 INFO  - jmeter.JMeter: Loading user properties from: /opt/apache-jmeter/apache-jmeter-2.13/bin/user.properties 
2016/12/12 18:59:45 INFO  - jmeter.JMeter: Loading system properties from: /opt/apache-jmeter/apache-jmeter-2.13/bin/system.properties 
2016/12/12 18:59:45 INFO  - jmeter.JMeter: Setting JMeter property: jmeter.save.saveservice.output_format=xml 
2016/12/12 18:59:45 INFO  - jmeter.JMeter: Copyright (c) 1998-2015 The Apache Software Foundation 
2016/12/12 18:59:45 INFO  - jmeter.JMeter: Version 2.13 r1665067 
2016/12/12 18:59:45 INFO  - jmeter.JMeter: java.version=1.7.0_79 
2016/12/12 18:59:45 INFO  - jmeter.JMeter: java.vm.name=Java HotSpot(TM) 64-Bit Server VM 
2016/12/12 18:59:45 INFO  - jmeter.JMeter: os.name=Linux 
2016/12/12 18:59:45 INFO  - jmeter.JMeter: os.arch=amd64 
2016/12/12 18:59:45 INFO  - jmeter.JMeter: os.version=3.10.0-229.el7.x86_64 
2016/12/12 18:59:45 INFO  - jmeter.JMeter: file.encoding=UTF-8 
2016/12/12 18:59:45 INFO  - jmeter.JMeter: Default Locale=中文 (中国) 
2016/12/12 18:59:45 INFO  - jmeter.JMeter: JMeter  Locale=中文 (中国) 
2016/12/12 18:59:45 INFO  - jmeter.JMeter: JMeterHome=/opt/apache-jmeter/apache-jmeter-2.13 
2016/12/12 18:59:45 INFO  - jmeter.JMeter: user.dir  =/opt/apache-jmeter/apache-jmeter-2.13/bin 
2016/12/12 18:59:45 INFO  - jmeter.JMeter: PWD       =/opt/apache-jmeter/apache-jmeter-2.13/bin 
2016/12/12 18:59:45 INFO  - jmeter.JMeter: IP: 127.0.0.1 Name: 18-217.jointwisdom.cn FullName: localhost 
2016/12/12 18:59:45 INFO  - jmeter.services.FileServer: Default base='/opt/apache-jmeter/apache-jmeter-2.13/bin' 
2016/12/12 18:59:45 INFO  - jmeter.services.FileServer: Set new base='/opt/apache-jmeter/apache-jmeter-2.13/test/jmeter' 
2016/12/12 18:59:45 INFO  - jmeter.save.SaveService: Testplan (JMX) version: 2.2. Testlog (JTL) version: 2.2 
2016/12/12 18:59:45 INFO  - jmeter.save.SaveService: Using SaveService properties file encoding UTF-8 
2016/12/12 18:59:45 INFO  - jmeter.save.SaveService: Using SaveService properties file version 1656252 
2016/12/12 18:59:45 INFO  - jmeter.save.SaveService: Using SaveService properties version 2.8 
2016/12/12 18:59:45 INFO  - jmeter.save.SaveService: All converter versions present and correct 
2016/12/12 18:59:45 INFO  - jmeter.save.SaveService: Loading file: /opt/apache-jmeter/apache-jmeter-2.13/test/jmeter/jw_webservice线程组_20161110.jmx 
2016/12/12 18:59:45 INFO  - jmeter.protocol.http.sampler.HTTPSamplerBase: Cannot find .className property for htmlParser, using default 
2016/12/12 18:59:45 INFO  - jmeter.protocol.http.sampler.HTTPSamplerBase: Parser for text/html is  
2016/12/12 18:59:45 INFO  - jmeter.protocol.http.sampler.HTTPSamplerBase: Parser for application/xhtml+xml is  
2016/12/12 18:59:45 INFO  - jmeter.protocol.http.sampler.HTTPSamplerBase: Parser for application/xml is  
2016/12/12 18:59:45 INFO  - jmeter.protocol.http.sampler.HTTPSamplerBase: Parser for text/xml is  
2016/12/12 18:59:45 INFO  - jmeter.protocol.http.sampler.HTTPSamplerBase: Parser for text/vnd.wap.wml is org.apache.jmeter.protocol.http.parser.RegexpHTMLParser 
2016/12/12 18:59:45 INFO  - jmeter.protocol.http.sampler.HTTPHCAbstractImpl: Local host = 18-217.jointwisdom.cn 
2016/12/12 18:59:45 INFO  - jmeter.protocol.http.sampler.HTTPHC3Impl: HTTP request retry count = 0 
2016/12/12 18:59:45 INFO  - jmeter.JMeter: Creating summariser <summary> 
2016/12/12 18:59:45 INFO  - jmeter.engine.StandardJMeterEngine: Listeners will be started after enabling running version 
2016/12/12 18:59:45 INFO  - jmeter.engine.StandardJMeterEngine: To revert to the earlier behaviour, define jmeterengine.startlistenerslater=false 
2016/12/12 18:59:45 INFO  - jmeter.engine.StandardJMeterEngine: Running the test! 
2016/12/12 18:59:45 INFO  - jmeter.samplers.SampleEvent: List of sample_variables: [] 
2016/12/12 18:59:45 INFO  - jmeter.samplers.SampleEvent: List of sample_variables: [] 
2016/12/12 18:59:45 INFO  - jmeter.engine.util.CompoundVariable: Note: Function class names must contain the string: '.functions.' 
2016/12/12 18:59:45 INFO  - jmeter.engine.util.CompoundVariable: Note: Function class names must not contain the string: '.gui.' 
2016/12/12 18:59:45 INFO  - jmeter.JMeter: 正在运行的测试 (1481540385893) 
2016/12/12 18:59:45 INFO  - jmeter.engine.StandardJMeterEngine: Starting ThreadGroup: 1 : 慧云-websevice-线程组 
2016/12/12 18:59:45 INFO  - jmeter.engine.StandardJMeterEngine: Starting 50 threads for group 慧云-websevice-线程组. 
2016/12/12 18:59:45 INFO  - jmeter.engine.StandardJMeterEngine: Thread will continue on error 
2016/12/12 18:59:45 INFO  - jmeter.threads.ThreadGroup: Starting thread group number 1 threads 50 ramp-up 1 perThread 20.0 delayedStart=false 
2016/12/12 18:59:45 INFO  - jmeter.threads.JMeterThread: jmeterthread.startearlier=true (see jmeter.properties) 
2016/12/12 18:59:45 INFO  - jmeter.threads.JMeterThread: Running PostProcessors in forward order 
2016/12/12 18:59:45 INFO  - jmeter.threads.JMeterThread: Thread started: 慧云-websevice-线程组 1-1 
2016/12/12 18:59:45 INFO  - jmeter.threads.JMeterThread: Thread started: 慧云-websevice-线程组 1-2 
2016/12/12 18:59:46 INFO  - jmeter.samplers.SampleResult: Note: Sample TimeStamps are START times 
2016/12/12 18:59:46 INFO  - jmeter.samplers.SampleResult: sampleresult.default.encoding is set to ISO-8859-1 
2016/12/12 18:59:46 INFO  - jmeter.samplers.SampleResult: sampleresult.useNanoTime=true 
2016/12/12 18:59:46 INFO  - jmeter.samplers.SampleResult: sampleresult.nanoThreadSleep=5000 
2016/12/12 18:59:46 INFO  - jmeter.threads.JMeterThread: Thread started: 慧云-websevice-线程组 1-3 
2016/12/12 18:59:46 INFO  - jmeter.threads.JMeterThread: Thread started: 慧云-websevice-线程组 1-4 
2016/12/12 18:59:46 INFO  - jmeter.threads.JMeterThread: Thread started: 慧云-websevice-线程组 1-5 
2016/12/12 18:59:46 INFO  - jmeter.threads.JMeterThread: Thread started: 慧云-websevice-线程组 1-6 
2016/12/12 18:59:46 INFO  - jmeter.threads.JMeterThread: Thread started: 慧云-websevice-线程组 1-7 
2016/12/12 18:59:46 INFO  - jmeter.threads.JMeterThread: Thread started: 慧云-websevice-线程组 1-8 
2016/12/12 18:59:46 INFO  - jmeter.threads.JMeterThread: Thread started: 慧云-websevice-线程组 1-9 
2016/12/12 18:59:46 INFO  - jmeter.threads.JMeterThread: Thread started: 慧云-websevice-线程组 1-10 
2016/12/12 18:59:46 INFO  - jmeter.threads.JMeterThread: Thread started: 慧云-websevice-线程组 1-11 
2016/12/12 18:59:46 INFO  - jmeter.threads.JMeterThread: Thread started: 慧云-websevice-线程组 1-12 
2016/12/12 18:59:46 INFO  - jmeter.threads.JMeterThread: Thread started: 慧云-websevice-线程组 1-13 
2016/12/12 18:59:46 INFO  - jmeter.threads.JMeterThread: Thread started: 慧云-websevice-线程组 1-14 
2016/12/12 18:59:46 INFO  - jmeter.threads.JMeterThread: Thread started: 慧云-websevice-线程组 1-15 
2016/12/12 18:59:46 INFO  - jmeter.threads.ThreadGroup: Started thread group number 1 
2016/12/12 18:59:46 INFO  - jmeter.engine.StandardJMeterEngine: Starting ThreadGroup: 2 : 慧云分析系统-websevice-线程组 
2016/12/12 18:59:46 INFO  - jmeter.engine.StandardJMeterEngine: Starting 1 threads for group 慧云分析系统-websevice-线程组. 
2016/12/12 18:59:46 INFO  - jmeter.engine.StandardJMeterEngine: Thread will continue on error 
2016/12/12 18:59:46 INFO  - jmeter.threads.ThreadGroup: Starting thread group number 2 threads 1 ramp-up 1 perThread 1000.0 delayedStart=false 
2016/12/12 18:59:46 INFO  - jmeter.threads.JMeterThread: Thread started: 慧云-websevice-线程组 1-16 
2016/12/12 18:59:46 INFO  - jmeter.threads.ThreadGroup: Started thread group number 2 
2016/12/12 18:59:46 INFO  - jmeter.engine.StandardJMeterEngine: Starting ThreadGroup: 3 : 慧云票券系统-websevice-线程组 
2016/12/12 18:59:46 INFO  - jmeter.engine.StandardJMeterEngine: Starting 1 threads for group 慧云票券系统-websevice-线程组. 
2016/12/12 18:59:46 INFO  - jmeter.engine.StandardJMeterEngine: Thread will continue on error 
2016/12/12 18:59:46 INFO  - jmeter.threads.ThreadGroup: Starting thread group number 3 threads 1 ramp-up 1 perThread 1000.0 delayedStart=false 
2016/12/12 18:59:46 INFO  - jmeter.threads.JMeterThread: Thread started: 慧云分析系统-websevice-线程组 2-1 
2016/12/12 18:59:46 INFO  - jmeter.threads.JMeterThread: Thread is done: 慧云分析系统-websevice-线程组 2-1 
2016/12/12 18:59:46 INFO  - jmeter.threads.JMeterThread: Thread finished: 慧云分析系统-websevice-线程组 2-1 
2016/12/12 18:59:46 INFO  - jmeter.threads.ThreadGroup: Started thread group number 3 
2016/12/12 18:59:46 INFO  - jmeter.engine.StandardJMeterEngine: All thread groups have been started 
2016/12/12 18:59:46 INFO  - jmeter.threads.JMeterThread: Thread started: 慧云票券系统-websevice-线程组 3-1 
2016/12/12 18:59:46 INFO  - jmeter.threads.JMeterThread: Thread is done: 慧云票券系统-websevice-线程组 3-1 
2016/12/12 18:59:46 INFO  - jmeter.threads.JMeterThread: Thread finished: 慧云票券系统-websevice-线程组 3-1 
2016/12/12 18:59:46 INFO  - jmeter.threads.JMeterThread: Thread started: 慧云-websevice-线程组 1-17 
2016/12/12 18:59:46 INFO  - jmeter.threads.JMeterThread: Thread started: 慧云-websevice-线程组 1-18 
2016/12/12 18:59:46 INFO  - jmeter.threads.JMeterThread: Thread started: 慧云-websevice-线程组 1-19 
2016/12/12 18:59:46 INFO  - jmeter.threads.JMeterThread: Thread started: 慧云-websevice-线程组 1-20 
2016/12/12 18:59:46 INFO  - jmeter.threads.JMeterThread: Thread started: 慧云-websevice-线程组 1-21 
2016/12/12 18:59:46 INFO  - jmeter.threads.JMeterThread: Thread started: 慧云-websevice-线程组 1-22 
2016/12/12 18:59:46 INFO  - jmeter.threads.JMeterThread: Thread started: 慧云-websevice-线程组 1-23 
2016/12/12 18:59:46 INFO  - jmeter.threads.JMeterThread: Thread started: 慧云-websevice-线程组 1-24 
2016/12/12 18:59:46 INFO  - jmeter.threads.JMeterThread: Thread started: 慧云-websevice-线程组 1-25 
2016/12/12 18:59:46 INFO  - jmeter.threads.JMeterThread: Thread started: 慧云-websevice-线程组 1-26 
2016/12/12 18:59:46 INFO  - jmeter.threads.JMeterThread: Thread started: 慧云-websevice-线程组 1-27 
2016/12/12 18:59:46 INFO  - jmeter.threads.JMeterThread: Thread started: 慧云-websevice-线程组 1-28 
2016/12/12 18:59:46 INFO  - jmeter.threads.JMeterThread: Thread started: 慧云-websevice-线程组 1-29 
2016/12/12 18:59:46 INFO  - jmeter.threads.JMeterThread: Thread started: 慧云-websevice-线程组 1-30 
2016/12/12 18:59:46 INFO  - jmeter.threads.JMeterThread: Thread started: 慧云-websevice-线程组 1-31 
2016/12/12 18:59:46 INFO  - jmeter.threads.JMeterThread: Thread started: 慧云-websevice-线程组 1-32 
2016/12/12 18:59:46 INFO  - jmeter.threads.JMeterThread: Thread started: 慧云-websevice-线程组 1-35 
2016/12/12 18:59:46 INFO  - jmeter.threads.JMeterThread: Thread started: 慧云-websevice-线程组 1-36 
2016/12/12 18:59:46 INFO  - jmeter.threads.JMeterThread: Thread started: 慧云-websevice-线程组 1-33 
2016/12/12 18:59:46 INFO  - jmeter.threads.JMeterThread: Thread started: 慧云-websevice-线程组 1-34 
2016/12/12 18:59:46 INFO  - jmeter.threads.JMeterThread: Thread started: 慧云-websevice-线程组 1-37 
2016/12/12 18:59:46 INFO  - jmeter.threads.JMeterThread: Thread started: 慧云-websevice-线程组 1-38 
2016/12/12 18:59:46 INFO  - jmeter.threads.JMeterThread: Thread started: 慧云-websevice-线程组 1-39 
2016/12/12 18:59:46 INFO  - jmeter.threads.JMeterThread: Thread started: 慧云-websevice-线程组 1-40 
2016/12/12 18:59:46 INFO  - jmeter.threads.JMeterThread: Thread started: 慧云-websevice-线程组 1-41 
2016/12/12 18:59:47 INFO  - jmeter.threads.JMeterThread: Thread started: 慧云-websevice-线程组 1-42 
2016/12/12 18:59:47 INFO  - jmeter.threads.JMeterThread: Thread started: 慧云-websevice-线程组 1-43 
2016/12/12 18:59:47 INFO  - jmeter.threads.JMeterThread: Thread started: 慧云-websevice-线程组 1-44 
2016/12/12 18:59:47 INFO  - jmeter.threads.JMeterThread: Thread started: 慧云-websevice-线程组 1-46 
2016/12/12 18:59:47 INFO  - jmeter.threads.JMeterThread: Thread started: 慧云-websevice-线程组 1-47 
2016/12/12 18:59:47 INFO  - jmeter.threads.JMeterThread: Thread started: 慧云-websevice-线程组 1-48 
2016/12/12 18:59:47 INFO  - jmeter.threads.JMeterThread: Thread started: 慧云-websevice-线程组 1-45 
2016/12/12 18:59:47 INFO  - jmeter.threads.JMeterThread: Thread started: 慧云-websevice-线程组 1-49 
2016/12/12 18:59:47 INFO  - jmeter.threads.JMeterThread: Thread started: 慧云-websevice-线程组 1-50 
2016/12/12 19:00:03 INFO  - jmeter.reporters.Summariser: summary +    467 in  17.3s =   27.0/s Avg:   611 Min:    10 Max: 11354 Err:    41 (8.78%) Active: 50 Started: 52 Finished: 2 
2016/12/12 19:00:31 INFO  - jmeter.reporters.Summariser: summary +     68 in  28.4s =    2.4/s Avg: 17773 Min: 11243 Max: 38690 Err:     9 (13.24%) Active: 50 Started: 52 Finished: 2 
2016/12/12 19:00:31 INFO  - jmeter.reporters.Summariser: summary =    535 in    46s =   11.7/s Avg:  2792 Min:    10 Max: 38690 Err:    50 (9.35%) 
2016/12/12 19:00:46 INFO  - jmeter.threads.JMeterThread: Thread is done: 慧云-websevice-线程组 1-7 
2016/12/12 19:00:46 INFO  - jmeter.threads.JMeterThread: Thread finished: 慧云-websevice-线程组 1-7 
2016/12/12 19:00:46 INFO  - jmeter.threads.JMeterThread: Thread is done: 慧云-websevice-线程组 1-17 
2016/12/12 19:00:46 INFO  - jmeter.threads.JMeterThread: Thread finished: 慧云-websevice-线程组 1-17 
2016/12/12 19:00:46 INFO  - jmeter.threads.JMeterThread: Thread is done: 慧云-websevice-线程组 1-4 
2016/12/12 19:00:46 INFO  - jmeter.threads.JMeterThread: Thread finished: 慧云-websevice-线程组 1-4 
2016/12/12 19:00:46 INFO  - jmeter.threads.JMeterThread: Thread is done: 慧云-websevice-线程组 1-5 
2016/12/12 19:00:46 INFO  - jmeter.threads.JMeterThread: Thread finished: 慧云-websevice-线程组 1-5 
2016/12/12 19:00:46 INFO  - jmeter.threads.JMeterThread: Thread is done: 慧云-websevice-线程组 1-30 
2016/12/12 19:00:46 INFO  - jmeter.threads.JMeterThread: Thread finished: 慧云-websevice-线程组 1-30 
2016/12/12 19:00:47 INFO  - jmeter.threads.JMeterThread: Thread is done: 慧云-websevice-线程组 1-6 
2016/12/12 19:00:47 INFO  - jmeter.threads.JMeterThread: Thread finished: 慧云-websevice-线程组 1-6 
2016/12/12 19:00:47 INFO  - jmeter.threads.JMeterThread: Thread is done: 慧云-websevice-线程组 1-10 
2016/12/12 19:00:47 INFO  - jmeter.threads.JMeterThread: Thread finished: 慧云-websevice-线程组 1-10 
2016/12/12 19:00:47 INFO  - jmeter.threads.JMeterThread: Thread is done: 慧云-websevice-线程组 1-13 
2016/12/12 19:00:47 INFO  - jmeter.threads.JMeterThread: Thread finished: 慧云-websevice-线程组 1-13 
2016/12/12 19:00:47 INFO  - jmeter.threads.JMeterThread: Thread is done: 慧云-websevice-线程组 1-27 
2016/12/12 19:00:47 INFO  - jmeter.threads.JMeterThread: Thread finished: 慧云-websevice-线程组 1-27 
2016/12/12 19:00:47 INFO  - jmeter.threads.JMeterThread: Thread is done: 慧云-websevice-线程组 1-1 
2016/12/12 19:00:47 INFO  - jmeter.threads.JMeterThread: Thread finished: 慧云-websevice-线程组 1-1 
2016/12/12 19:00:47 INFO  - jmeter.threads.JMeterThread: Thread is done: 慧云-websevice-线程组 1-2 
2016/12/12 19:00:47 INFO  - jmeter.threads.JMeterThread: Thread finished: 慧云-websevice-线程组 1-2 
2016/12/12 19:00:47 INFO  - jmeter.threads.JMeterThread: Thread is done: 慧云-websevice-线程组 1-23 
2016/12/12 19:00:47 INFO  - jmeter.threads.JMeterThread: Thread finished: 慧云-websevice-线程组 1-23 
2016/12/12 19:00:47 INFO  - jmeter.threads.JMeterThread: Thread is done: 慧云-websevice-线程组 1-8 
2016/12/12 19:00:47 INFO  - jmeter.threads.JMeterThread: Thread finished: 慧云-websevice-线程组 1-8 
2016/12/12 19:00:47 INFO  - jmeter.threads.JMeterThread: Thread is done: 慧云-websevice-线程组 1-9 
2016/12/12 19:00:47 INFO  - jmeter.threads.JMeterThread: Thread finished: 慧云-websevice-线程组 1-9 
2016/12/12 19:00:47 INFO  - jmeter.threads.JMeterThread: Thread is done: 慧云-websevice-线程组 1-44 
2016/12/12 19:00:47 INFO  - jmeter.threads.JMeterThread: Thread finished: 慧云-websevice-线程组 1-44 
2016/12/12 19:00:47 INFO  - jmeter.threads.JMeterThread: Thread is done: 慧云-websevice-线程组 1-26 
2016/12/12 19:00:47 INFO  - jmeter.threads.JMeterThread: Thread finished: 慧云-websevice-线程组 1-26 
2016/12/12 19:00:47 INFO  - jmeter.threads.JMeterThread: Thread is done: 慧云-websevice-线程组 1-3 
2016/12/12 19:00:47 INFO  - jmeter.threads.JMeterThread: Thread finished: 慧云-websevice-线程组 1-3 
2016/12/12 19:00:48 INFO  - jmeter.threads.JMeterThread: Thread is done: 慧云-websevice-线程组 1-29 
2016/12/12 19:00:48 INFO  - jmeter.threads.JMeterThread: Thread finished: 慧云-websevice-线程组 1-29 
2016/12/12 19:00:48 INFO  - jmeter.threads.JMeterThread: Thread is done: 慧云-websevice-线程组 1-31 
2016/12/12 19:00:48 INFO  - jmeter.threads.JMeterThread: Thread finished: 慧云-websevice-线程组 1-31 
2016/12/12 19:00:48 INFO  - jmeter.threads.JMeterThread: Thread is done: 慧云-websevice-线程组 1-16 
2016/12/12 19:00:48 INFO  - jmeter.threads.JMeterThread: Thread finished: 慧云-websevice-线程组 1-16 
2016/12/12 19:00:48 INFO  - jmeter.threads.JMeterThread: Thread is done: 慧云-websevice-线程组 1-32 
2016/12/12 19:00:48 INFO  - jmeter.threads.JMeterThread: Thread finished: 慧云-websevice-线程组 1-32 
2016/12/12 19:00:48 INFO  - jmeter.threads.JMeterThread: Thread is done: 慧云-websevice-线程组 1-41 
2016/12/12 19:00:48 INFO  - jmeter.threads.JMeterThread: Thread finished: 慧云-websevice-线程组 1-41 
2016/12/12 19:00:48 INFO  - jmeter.threads.JMeterThread: Thread is done: 慧云-websevice-线程组 1-28 
2016/12/12 19:00:48 INFO  - jmeter.threads.JMeterThread: Thread finished: 慧云-websevice-线程组 1-28 
2016/12/12 19:00:48 INFO  - jmeter.threads.JMeterThread: Thread is done: 慧云-websevice-线程组 1-35 
2016/12/12 19:00:48 INFO  - jmeter.threads.JMeterThread: Thread finished: 慧云-websevice-线程组 1-35 
2016/12/12 19:00:48 INFO  - jmeter.threads.JMeterThread: Thread is done: 慧云-websevice-线程组 1-12 
2016/12/12 19:00:48 INFO  - jmeter.threads.JMeterThread: Thread finished: 慧云-websevice-线程组 1-12 
2016/12/12 19:00:48 INFO  - jmeter.threads.JMeterThread: Thread is done: 慧云-websevice-线程组 1-24 
2016/12/12 19:00:48 INFO  - jmeter.threads.JMeterThread: Thread finished: 慧云-websevice-线程组 1-24 
2016/12/12 19:00:48 INFO  - jmeter.threads.JMeterThread: Thread is done: 慧云-websevice-线程组 1-49 
2016/12/12 19:00:48 INFO  - jmeter.threads.JMeterThread: Thread finished: 慧云-websevice-线程组 1-49 
2016/12/12 19:00:48 INFO  - jmeter.threads.JMeterThread: Thread is done: 慧云-websevice-线程组 1-34 
2016/12/12 19:00:48 INFO  - jmeter.threads.JMeterThread: Thread finished: 慧云-websevice-线程组 1-34 
2016/12/12 19:00:48 INFO  - jmeter.threads.JMeterThread: Thread is done: 慧云-websevice-线程组 1-14 
2016/12/12 19:00:48 INFO  - jmeter.threads.JMeterThread: Thread finished: 慧云-websevice-线程组 1-14 
2016/12/12 19:00:48 INFO  - jmeter.threads.JMeterThread: Thread is done: 慧云-websevice-线程组 1-25 
2016/12/12 19:00:48 INFO  - jmeter.threads.JMeterThread: Thread finished: 慧云-websevice-线程组 1-25 
2016/12/12 19:00:48 INFO  - jmeter.threads.JMeterThread: Thread is done: 慧云-websevice-线程组 1-22 
2016/12/12 19:00:48 INFO  - jmeter.threads.JMeterThread: Thread finished: 慧云-websevice-线程组 1-22 
2016/12/12 19:00:48 INFO  - jmeter.threads.JMeterThread: Thread is done: 慧云-websevice-线程组 1-11 
2016/12/12 19:00:48 INFO  - jmeter.threads.JMeterThread: Thread finished: 慧云-websevice-线程组 1-11 
2016/12/12 19:00:48 INFO  - jmeter.threads.JMeterThread: Thread is done: 慧云-websevice-线程组 1-15 
2016/12/12 19:00:48 INFO  - jmeter.threads.JMeterThread: Thread finished: 慧云-websevice-线程组 1-15 
2016/12/12 19:00:48 INFO  - jmeter.threads.JMeterThread: Thread is done: 慧云-websevice-线程组 1-39 
2016/12/12 19:00:48 INFO  - jmeter.threads.JMeterThread: Thread finished: 慧云-websevice-线程组 1-39 
2016/12/12 19:00:48 INFO  - jmeter.threads.JMeterThread: Thread is done: 慧云-websevice-线程组 1-19 
2016/12/12 19:00:48 INFO  - jmeter.threads.JMeterThread: Thread finished: 慧云-websevice-线程组 1-19 
2016/12/12 19:00:48 INFO  - jmeter.threads.JMeterThread: Thread is done: 慧云-websevice-线程组 1-36 
2016/12/12 19:00:48 INFO  - jmeter.threads.JMeterThread: Thread finished: 慧云-websevice-线程组 1-36 
2016/12/12 19:00:48 INFO  - jmeter.threads.JMeterThread: Thread is done: 慧云-websevice-线程组 1-43 
2016/12/12 19:00:48 INFO  - jmeter.threads.JMeterThread: Thread finished: 慧云-websevice-线程组 1-43 
2016/12/12 19:00:48 INFO  - jmeter.threads.JMeterThread: Thread is done: 慧云-websevice-线程组 1-42 
2016/12/12 19:00:48 INFO  - jmeter.threads.JMeterThread: Thread finished: 慧云-websevice-线程组 1-42 
2016/12/12 19:00:48 INFO  - jmeter.threads.JMeterThread: Thread is done: 慧云-websevice-线程组 1-46 
2016/12/12 19:00:48 INFO  - jmeter.threads.JMeterThread: Thread finished: 慧云-websevice-线程组 1-46 
2016/12/12 19:00:48 INFO  - jmeter.threads.JMeterThread: Thread is done: 慧云-websevice-线程组 1-18 
2016/12/12 19:00:48 INFO  - jmeter.threads.JMeterThread: Thread finished: 慧云-websevice-线程组 1-18 
2016/12/12 19:00:49 INFO  - jmeter.threads.JMeterThread: Thread is done: 慧云-websevice-线程组 1-21 
2016/12/12 19:00:49 INFO  - jmeter.threads.JMeterThread: Thread finished: 慧云-websevice-线程组 1-21 
2016/12/12 19:00:49 INFO  - jmeter.threads.JMeterThread: Thread is done: 慧云-websevice-线程组 1-38 
2016/12/12 19:00:49 INFO  - jmeter.threads.JMeterThread: Thread finished: 慧云-websevice-线程组 1-38 
2016/12/12 19:00:49 INFO  - jmeter.threads.JMeterThread: Thread is done: 慧云-websevice-线程组 1-37 
2016/12/12 19:00:49 INFO  - jmeter.threads.JMeterThread: Thread finished: 慧云-websevice-线程组 1-37 
2016/12/12 19:00:49 INFO  - jmeter.threads.JMeterThread: Thread is done: 慧云-websevice-线程组 1-20 
2016/12/12 19:00:49 INFO  - jmeter.threads.JMeterThread: Thread finished: 慧云-websevice-线程组 1-20 
2016/12/12 19:00:50 INFO  - jmeter.threads.JMeterThread: Thread is done: 慧云-websevice-线程组 1-45 
2016/12/12 19:00:50 INFO  - jmeter.threads.JMeterThread: Thread finished: 慧云-websevice-线程组 1-45 
2016/12/12 19:00:54 INFO  - jmeter.threads.JMeterThread: Thread is done: 慧云-websevice-线程组 1-48 
2016/12/12 19:00:54 INFO  - jmeter.threads.JMeterThread: Thread finished: 慧云-websevice-线程组 1-48 
2016/12/12 19:00:54 INFO  - jmeter.threads.JMeterThread: Thread is done: 慧云-websevice-线程组 1-40 
2016/12/12 19:00:54 INFO  - jmeter.threads.JMeterThread: Thread finished: 慧云-websevice-线程组 1-40 
2016/12/12 19:00:54 INFO  - jmeter.threads.JMeterThread: Thread is done: 慧云-websevice-线程组 1-33 
2016/12/12 19:00:54 INFO  - jmeter.threads.JMeterThread: Thread finished: 慧云-websevice-线程组 1-33 
2016/12/12 19:00:54 INFO  - jmeter.threads.JMeterThread: Thread is done: 慧云-websevice-线程组 1-47 
2016/12/12 19:00:54 INFO  - jmeter.threads.JMeterThread: Thread finished: 慧云-websevice-线程组 1-47 
2016/12/12 19:00:54 INFO  - jmeter.threads.JMeterThread: Thread is done: 慧云-websevice-线程组 1-50 
2016/12/12 19:00:54 INFO  - jmeter.threads.JMeterThread: Thread finished: 慧云-websevice-线程组 1-50 
2016/12/12 19:00:54 INFO  - jmeter.engine.StandardJMeterEngine: Notifying test listeners of end of test 
2016/12/12 19:00:54 INFO  - jmeter.reporters.Summariser: summary +    215 in    23s =    9.3/s Avg:  7497 Min:     7 Max: 35446 Err:     0 (0.00%) Active: 0 Started: 52 Finished: 52 
2016/12/12 19:00:54 INFO  - jmeter.reporters.Summariser: summary =    750 in    69s =   10.9/s Avg:  4141 Min:     7 Max: 38690 Err:    50 (6.67%) 
